<?xml version="1.0" encoding="UTF-8"?>
<testsuite xmlns:xsi="http://www.w3.org/2001/XMLSchema-instance" xsi:noNamespaceSchemaLocation="https://maven.apache.org/surefire/maven-surefire-plugin/xsd/surefire-test-report.xsd" name="com.assignment.pdfgeneration.DynamicPdfGenerationTests" time="0.332" tests="1" errors="1" skipped="0" failures="0">
  <properties>
[...]
</properties>
  <testcase name="com.assignment.pdfgeneration.DynamicPdfGenerationTests" classname="com.assignment.pdfgeneration.DynamicPdfGenerationTests" time="0.329">
    <error message="Failed to read candidate component class: file [C:\Users\TARUN\Desktop\Freightfox\pdf-generation\target\test-classes\com\assignment\pdfgeneration\DynamicPdfGenerationTests.class]; nested exception is org.springframework.core.NestedIOException: ASM ClassReader failed to parse class file - probably due to a new Java class file version that isn&apos;t supported yet: file [C:\Users\TARUN\Desktop\Freightfox\pdf-generation\target\test-classes\com\assignment\pdfgeneration\DynamicPdfGenerationTests.class]; nested exception is java.lang.IllegalArgumentException: Unsupported class file major version 64" type="org.springframework.beans.factory.BeanDefinitionStoreException">org.springframework.beans.factory.BeanDefinitionStoreException: Failed to read candidate component class: file [C:\Users\TARUN\Desktop\Freightfox\pdf-generation\target\test-classes\com\assignment\pdfgeneration\DynamicPdfGenerationTests.class]; nested exception is org.springframework.core.NestedIOException: ASM ClassReader failed to parse class file - probably due to a new Java class file version that isn't supported yet: file [C:\Users\TARUN\Desktop\Freightfox\pdf-generation\target\test-classes\com\assignment\pdfgeneration\DynamicPdfGenerationTests.class]; nested exception is java.lang.IllegalArgumentException: Unsupported class file major version 64
Caused by: org.springframework.core.NestedIOException: ASM ClassReader failed to parse class file - probably due to a new Java class file version that isn't supported yet: file [C:\Users\TARUN\Desktop\Freightfox\pdf-generation\target\test-classes\com\assignment\pdfgeneration\DynamicPdfGenerationTests.class]; nested exception is java.lang.IllegalArgumentException: Unsupported class file major version 64
Caused by: java.lang.IllegalArgumentException: Unsupported class file major version 64
</error>
    <system-out><![CDATA[12:13:31.582 [main] DEBUG org.springframework.test.context.BootstrapUtils - Instantiating CacheAwareContextLoaderDelegate from class [org.springframework.test.context.cache.DefaultCacheAwareContextLoaderDelegate]
12:13:31.598 [main] DEBUG org.springframework.test.context.BootstrapUtils - Instantiating BootstrapContext using constructor [public org.springframework.test.context.support.DefaultBootstrapContext(java.lang.Class,org.springframework.test.context.CacheAwareContextLoaderDelegate)]
12:13:31.642 [main] DEBUG org.springframework.test.context.BootstrapUtils - Instantiating TestContextBootstrapper for test class [com.assignment.pdfgeneration.DynamicPdfGenerationTests] from class [org.springframework.boot.test.context.SpringBootTestContextBootstrapper]
12:13:31.655 [main] INFO org.springframework.boot.test.context.SpringBootTestContextBootstrapper - Neither @ContextConfiguration nor @ContextHierarchy found for test class [com.assignment.pdfgeneration.DynamicPdfGenerationTests], using SpringBootContextLoader
12:13:31.659 [main] DEBUG org.springframework.test.context.support.AbstractContextLoader - Did not detect default resource location for test class [com.assignment.pdfgeneration.DynamicPdfGenerationTests]: class path resource [com/assignment/pdfgeneration/DynamicPdfGenerationTests-context.xml] does not exist
12:13:31.660 [main] DEBUG org.springframework.test.context.support.AbstractContextLoader - Did not detect default resource location for test class [com.assignment.pdfgeneration.DynamicPdfGenerationTests]: class path resource [com/assignment/pdfgeneration/DynamicPdfGenerationTestsContext.groovy] does not exist
12:13:31.660 [main] INFO org.springframework.test.context.support.AbstractContextLoader - Could not detect default resource locations for test class [com.assignment.pdfgeneration.DynamicPdfGenerationTests]: no resource found for suffixes {-context.xml, Context.groovy}.
12:13:31.661 [main] INFO org.springframework.test.context.support.AnnotationConfigContextLoaderUtils - Could not detect default configuration classes for test class [com.assignment.pdfgeneration.DynamicPdfGenerationTests]: DynamicPdfGenerationTests does not declare any static, non-private, non-final, nested classes annotated with @Configuration.
12:13:31.714 [main] DEBUG org.springframework.test.context.support.ActiveProfilesUtils - Could not find an 'annotation declaring class' for annotation type [org.springframework.test.context.ActiveProfiles] and class [com.assignment.pdfgeneration.DynamicPdfGenerationTests]
]]></system-out>
  </testcase>
</testsuite>